<?xml version="1.0" encoding="UTF-8"?>
<testng-results skipped="0" failed="0" ignored="0" total="1" passed="1">
  <reporter-output>
  </reporter-output>
  <suite name="Surefire suite" duration-ms="94" started-at="2020-08-30T21:18:33 IST" finished-at="2020-08-30T21:18:33 IST">
    <groups>
    </groups>
    <test name="Surefire test" duration-ms="94" started-at="2020-08-30T21:18:33 IST" finished-at="2020-08-30T21:18:33 IST">
      <class name="quickstart.AppTest">
        <test-method status="PASS" signature="shouldAnswerWithTrue()" name="shouldAnswerWithTrue" duration-ms="16" started-at="2020-08-30T21:18:33 IST" finished-at="2020-08-30T21:18:33 IST">
          <reporter-output>
          </reporter-output>
        </test-method> <!-- shouldAnswerWithTrue -->
      </class> <!-- quickstart.AppTest -->
    </test> <!-- Surefire test -->
  </suite> <!-- Surefire suite -->
</testng-results>
