<?xml version="1.0" encoding="UTF-8"?>
<!-- Generated by org.testng.reporters.JUnitXMLReporter -->
<testsuite hostname="DESKTOP-SV8B1T3" ignored="0" name="Test" tests="4" failures="0" timestamp="2020-09-03T20:14:48 IST" time="35.188" errors="0">
  <testcase name="basePageNavigation" time="0.378" classname="Academy.ValidateTitle"/>
  <testcase name="basePageNavigation" time="5.621" classname="Academy.HomePage"/>
  <testcase name="basePageNavigation" time="4.626" classname="Academy.HomePage"/>
  <testcase name="basePageNavigation" time="0.101" classname="Academy.ValidateNavBar"/>
</testsuite> <!-- Test -->
