<?xml version="1.0" encoding="UTF-8"?>
<!-- Generated by org.testng.reporters.JUnitXMLReporter -->
<testsuite hostname="DESKTOP-SV8B1T3" ignored="0" name="Test" tests="4" failures="0" timestamp="2020-09-03T20:16:19 IST" time="36.162" errors="0">
  <testcase name="basePageNavigation" time="0.325" classname="Academy.ValidateTitle"/>
  <testcase name="basePageNavigation" time="5.776" classname="Academy.HomePage"/>
  <testcase name="basePageNavigation" time="5.14" classname="Academy.HomePage"/>
  <testcase name="basePageNavigation" time="0.135" classname="Academy.ValidateNavBar"/>
</testsuite> <!-- Test -->
