<?xml version="1.0" encoding="UTF-8"?>
<!-- Generated by org.testng.reporters.JUnitXMLReporter -->
<testsuite hostname="DESKTOP-SV8B1T3" ignored="0" name="Valaditing Title" tests="1" failures="1" timestamp="2020-09-04T00:59:53 IST" time="9.486" errors="0">
  <testcase name="ValidatepageTitle" time="0.17" classname="Academy.ValidateTitle">
    <failure type="java.lang.AssertionError" message="expected [FEATURED COURSES1] but found [FEATURED COURSES]">
      <![CDATA[java.lang.AssertionError: expected [FEATURED COURSES1] but found [FEATURED COURSES]
at Academy.ValidateTitle.ValidatepageTitle(ValidateTitle.java:34)
at java.util.ArrayList.forEach(ArrayList.java:1259)
... Removed 37 stack frames]]>
    </failure>
  </testcase> <!-- ValidatepageTitle -->
</testsuite> <!-- Valaditing Title -->
