-------------------------------------------------------------------------------
Test set: TestSuite
-------------------------------------------------------------------------------
Tests run: 4, Failures: 1, Errors: 0, Skipped: 0, Time elapsed: 30.7 s <<< FAILURE! - in TestSuite
Academy.ValidateTitle.ValidatepageTitle  Time elapsed: 0.712 s  <<< FAILURE!
java.lang.AssertionError: expected [FEATURED COURSES1] but found [FEATURED COURSES]
	at Academy.ValidateTitle.ValidatepageTitle(ValidateTitle.java:34)

